[2025-06-14T22:31:39.692+0200][gc,init] CardTable entry size: 512
[2025-06-14T22:31:39.692+0200][gc     ] Using G1
[2025-06-14T22:31:39.695+0200][gc,init] Version: 22.0.1+8 (release)
[2025-06-14T22:31:39.695+0200][gc,init] CPUs: 8 total, 8 available
[2025-06-14T22:31:39.695+0200][gc,init] Memory: 8192M
[2025-06-14T22:31:39.695+0200][gc,init] Large Page Support: Disabled
[2025-06-14T22:31:39.695+0200][gc,init] NUMA Support: Disabled
[2025-06-14T22:31:39.695+0200][gc,init] Compressed Oops: Enabled (Zero based)
[2025-06-14T22:31:39.695+0200][gc,init] Heap Region Size: 1M
[2025-06-14T22:31:39.695+0200][gc,init] Heap Min Capacity: 1G
[2025-06-14T22:31:39.695+0200][gc,init] Heap Initial Capacity: 1G
[2025-06-14T22:31:39.695+0200][gc,init] Heap Max Capacity: 1G
[2025-06-14T22:31:39.695+0200][gc,init] Pre-touch: Disabled
[2025-06-14T22:31:39.695+0200][gc,init] Parallel Workers: 8
[2025-06-14T22:31:39.695+0200][gc,init] Concurrent Workers: 2
[2025-06-14T22:31:39.695+0200][gc,init] Concurrent Refinement Workers: 8
[2025-06-14T22:31:39.695+0200][gc,init] Periodic GC: Disabled
[2025-06-14T22:31:39.696+0200][gc,metaspace] CDS archive(s) not mapped
[2025-06-14T22:31:39.696+0200][gc,metaspace] Compressed class space mapped at: 0x0000000131000000-0x0000000171000000, reserved size: 1073741824
[2025-06-14T22:31:39.696+0200][gc,metaspace] Narrow klass base: 0x0000000000000000, Narrow klass shift: 3, Narrow klass range: 0x171000000
[2025-06-14T22:31:40.880+0200][gc,start    ] GC(0) Pause Young (Concurrent Start) (Metadata GC Threshold)
[2025-06-14T22:31:40.880+0200][gc,task     ] GC(0) Using 8 workers of 8 for evacuation
[2025-06-14T22:31:40.896+0200][gc,phases   ] GC(0)   Pre Evacuate Collection Set: 0.27ms
[2025-06-14T22:31:40.896+0200][gc,phases   ] GC(0)   Merge Heap Roots: 0.06ms
[2025-06-14T22:31:40.896+0200][gc,phases   ] GC(0)   Evacuate Collection Set: 14.47ms
[2025-06-14T22:31:40.896+0200][gc,phases   ] GC(0)   Post Evacuate Collection Set: 0.44ms
[2025-06-14T22:31:40.896+0200][gc,phases   ] GC(0)   Other: 0.93ms
[2025-06-14T22:31:40.896+0200][gc,heap     ] GC(0) Eden regions: 37->0(44)
[2025-06-14T22:31:40.896+0200][gc,heap     ] GC(0) Survivor regions: 0->7(7)
[2025-06-14T22:31:40.896+0200][gc,heap     ] GC(0) Old regions: 0->2
[2025-06-14T22:31:40.896+0200][gc,heap     ] GC(0) Humongous regions: 0->0
[2025-06-14T22:31:40.896+0200][gc,metaspace] GC(0) Metaspace: 21346K(21504K)->21346K(21504K) NonClass: 19107K(19200K)->19107K(19200K) Class: 2239K(2304K)->2239K(2304K)
[2025-06-14T22:31:40.896+0200][gc          ] GC(0) Pause Young (Concurrent Start) (Metadata GC Threshold) 36M->8M(1024M) 16.481ms
[2025-06-14T22:31:40.896+0200][gc,cpu      ] GC(0) User=0.03s Sys=0.01s Real=0.01s
[2025-06-14T22:31:40.896+0200][gc          ] GC(1) Concurrent Mark Cycle
[2025-06-14T22:31:40.896+0200][gc,marking  ] GC(1) Concurrent Scan Root Regions
[2025-06-14T22:31:40.899+0200][gc,marking  ] GC(1) Concurrent Scan Root Regions 2.395ms
[2025-06-14T22:31:40.899+0200][gc,marking  ] GC(1) Concurrent Mark
[2025-06-14T22:31:40.900+0200][gc,marking  ] GC(1) Concurrent Mark From Roots
[2025-06-14T22:31:40.900+0200][gc,task     ] GC(1) Using 2 workers of 2 for marking
[2025-06-14T22:31:40.900+0200][gc,marking  ] GC(1) Concurrent Mark From Roots 0.130ms
[2025-06-14T22:31:40.900+0200][gc,marking  ] GC(1) Concurrent Preclean
[2025-06-14T22:31:40.900+0200][gc,marking  ] GC(1) Concurrent Preclean 0.009ms
[2025-06-14T22:31:40.901+0200][gc,start    ] GC(1) Pause Remark
[2025-06-14T22:31:40.907+0200][gc          ] GC(1) Pause Remark 8M->8M(1024M) 5.964ms
[2025-06-14T22:31:40.907+0200][gc,cpu      ] GC(1) User=0.01s Sys=0.00s Real=0.00s
[2025-06-14T22:31:40.908+0200][gc,marking  ] GC(1) Concurrent Mark 8.886ms
[2025-06-14T22:31:40.908+0200][gc,marking  ] GC(1) Concurrent Rebuild Remembered Sets and Scrub Regions
[2025-06-14T22:31:40.914+0200][gc,marking  ] GC(1) Concurrent Rebuild Remembered Sets and Scrub Regions 5.835ms
[2025-06-14T22:31:40.914+0200][gc,start    ] GC(1) Pause Cleanup
[2025-06-14T22:31:40.914+0200][gc          ] GC(1) Pause Cleanup 8M->8M(1024M) 0.059ms
[2025-06-14T22:31:40.914+0200][gc,cpu      ] GC(1) User=0.00s Sys=0.00s Real=0.00s
[2025-06-14T22:31:40.914+0200][gc,marking  ] GC(1) Concurrent Clear Claimed Marks
[2025-06-14T22:31:40.914+0200][gc,marking  ] GC(1) Concurrent Clear Claimed Marks 0.010ms
[2025-06-14T22:31:40.914+0200][gc,marking  ] GC(1) Concurrent Cleanup for Next Mark
[2025-06-14T22:31:40.917+0200][gc,marking  ] GC(1) Concurrent Cleanup for Next Mark 3.001ms
[2025-06-14T22:31:40.918+0200][gc          ] GC(1) Concurrent Mark Cycle 21.180ms
[2025-06-14T22:31:42.169+0200][gc,start    ] GC(2) Pause Young (Normal) (G1 Evacuation Pause)
[2025-06-14T22:31:42.169+0200][gc,task     ] GC(2) Using 8 workers of 8 for evacuation
[2025-06-14T22:31:42.185+0200][gc,phases   ] GC(2)   Pre Evacuate Collection Set: 0.15ms
[2025-06-14T22:31:42.185+0200][gc,phases   ] GC(2)   Merge Heap Roots: 1.48ms
[2025-06-14T22:31:42.185+0200][gc,phases   ] GC(2)   Evacuate Collection Set: 13.49ms
[2025-06-14T22:31:42.185+0200][gc,phases   ] GC(2)   Post Evacuate Collection Set: 0.52ms
[2025-06-14T22:31:42.185+0200][gc,phases   ] GC(2)   Other: 0.15ms
[2025-06-14T22:31:42.185+0200][gc,heap     ] GC(2) Eden regions: 44->0(48)
[2025-06-14T22:31:42.185+0200][gc,heap     ] GC(2) Survivor regions: 7->3(7)
[2025-06-14T22:31:42.185+0200][gc,heap     ] GC(2) Old regions: 2->9
[2025-06-14T22:31:42.185+0200][gc,heap     ] GC(2) Humongous regions: 0->0
[2025-06-14T22:31:42.185+0200][gc,metaspace] GC(2) Metaspace: 31818K(32064K)->31818K(32064K) NonClass: 28283K(28416K)->28283K(28416K) Class: 3535K(3648K)->3535K(3648K)
[2025-06-14T22:31:42.185+0200][gc          ] GC(2) Pause Young (Normal) (G1 Evacuation Pause) 52M->11M(1024M) 15.950ms
[2025-06-14T22:31:42.185+0200][gc,cpu      ] GC(2) User=0.02s Sys=0.01s Real=0.02s
[2025-06-14T22:31:42.496+0200][gc,start    ] GC(3) Pause Young (Concurrent Start) (Metadata GC Threshold)
[2025-06-14T22:31:42.496+0200][gc,task     ] GC(3) Using 8 workers of 8 for evacuation
[2025-06-14T22:31:42.499+0200][gc,phases   ] GC(3)   Pre Evacuate Collection Set: 0.19ms
[2025-06-14T22:31:42.499+0200][gc,phases   ] GC(3)   Merge Heap Roots: 0.04ms
[2025-06-14T22:31:42.499+0200][gc,phases   ] GC(3)   Evacuate Collection Set: 2.70ms
[2025-06-14T22:31:42.499+0200][gc,phases   ] GC(3)   Post Evacuate Collection Set: 0.22ms
[2025-06-14T22:31:42.499+0200][gc,phases   ] GC(3)   Other: 0.07ms
[2025-06-14T22:31:42.499+0200][gc,heap     ] GC(3) Eden regions: 17->0(47)
[2025-06-14T22:31:42.499+0200][gc,heap     ] GC(3) Survivor regions: 3->4(7)
[2025-06-14T22:31:42.499+0200][gc,heap     ] GC(3) Old regions: 9->9
[2025-06-14T22:31:42.499+0200][gc,heap     ] GC(3) Humongous regions: 129->129
[2025-06-14T22:31:42.499+0200][gc,metaspace] GC(3) Metaspace: 35758K(35968K)->35758K(35968K) NonClass: 31882K(32000K)->31882K(32000K) Class: 3875K(3968K)->3875K(3968K)
[2025-06-14T22:31:42.499+0200][gc          ] GC(3) Pause Young (Concurrent Start) (Metadata GC Threshold) 156M->141M(1024M) 3.384ms
[2025-06-14T22:31:42.499+0200][gc          ] GC(4) Concurrent Mark Cycle
[2025-06-14T22:31:42.499+0200][gc,cpu      ] GC(3) User=0.01s Sys=0.00s Real=0.00s
[2025-06-14T22:31:42.499+0200][gc,marking  ] GC(4) Concurrent Scan Root Regions
[2025-06-14T22:31:42.500+0200][gc,marking  ] GC(4) Concurrent Scan Root Regions 0.899ms
[2025-06-14T22:31:42.500+0200][gc,marking  ] GC(4) Concurrent Mark
[2025-06-14T22:31:42.500+0200][gc,marking  ] GC(4) Concurrent Mark From Roots
[2025-06-14T22:31:42.500+0200][gc,task     ] GC(4) Using 2 workers of 2 for marking
[2025-06-14T22:31:42.505+0200][gc,marking  ] GC(4) Concurrent Mark From Roots 4.729ms
[2025-06-14T22:31:42.505+0200][gc,marking  ] GC(4) Concurrent Preclean
[2025-06-14T22:31:42.505+0200][gc,marking  ] GC(4) Concurrent Preclean 0.041ms
[2025-06-14T22:31:42.505+0200][gc,start    ] GC(4) Pause Remark
[2025-06-14T22:31:42.514+0200][gc          ] GC(4) Pause Remark 141M->141M(1024M) 8.755ms
[2025-06-14T22:31:42.514+0200][gc,cpu      ] GC(4) User=0.02s Sys=0.01s Real=0.01s
[2025-06-14T22:31:42.514+0200][gc,marking  ] GC(4) Concurrent Mark 13.985ms
[2025-06-14T22:31:42.514+0200][gc,marking  ] GC(4) Concurrent Rebuild Remembered Sets and Scrub Regions
[2025-06-14T22:31:42.517+0200][gc,marking  ] GC(4) Concurrent Rebuild Remembered Sets and Scrub Regions 2.672ms
[2025-06-14T22:31:42.517+0200][gc,start    ] GC(4) Pause Cleanup
[2025-06-14T22:31:42.517+0200][gc          ] GC(4) Pause Cleanup 141M->141M(1024M) 0.082ms
[2025-06-14T22:31:42.517+0200][gc,cpu      ] GC(4) User=0.01s Sys=0.00s Real=0.00s
[2025-06-14T22:31:42.517+0200][gc,marking  ] GC(4) Concurrent Clear Claimed Marks
[2025-06-14T22:31:42.517+0200][gc,marking  ] GC(4) Concurrent Clear Claimed Marks 0.016ms
[2025-06-14T22:31:42.517+0200][gc,marking  ] GC(4) Concurrent Cleanup for Next Mark
[2025-06-14T22:31:42.520+0200][gc,marking  ] GC(4) Concurrent Cleanup for Next Mark 3.229ms
[2025-06-14T22:31:42.520+0200][gc          ] GC(4) Concurrent Mark Cycle 21.216ms
[2025-06-14T22:31:43.310+0200][gc,start    ] GC(5) Pause Young (Prepare Mixed) (G1 Evacuation Pause)
[2025-06-14T22:31:43.310+0200][gc,task     ] GC(5) Using 8 workers of 8 for evacuation
[2025-06-14T22:31:43.330+0200][gc,phases   ] GC(5)   Pre Evacuate Collection Set: 0.16ms
[2025-06-14T22:31:43.330+0200][gc,phases   ] GC(5)   Merge Heap Roots: 0.82ms
[2025-06-14T22:31:43.330+0200][gc,phases   ] GC(5)   Evacuate Collection Set: 8.73ms
[2025-06-14T22:31:43.330+0200][gc,phases   ] GC(5)   Post Evacuate Collection Set: 10.13ms
[2025-06-14T22:31:43.330+0200][gc,phases   ] GC(5)   Other: 0.07ms
[2025-06-14T22:31:43.330+0200][gc,heap     ] GC(5) Eden regions: 47->0(44)
[2025-06-14T22:31:43.330+0200][gc,heap     ] GC(5) Survivor regions: 4->7(7)
[2025-06-14T22:31:43.330+0200][gc,heap     ] GC(5) Old regions: 9->10
[2025-06-14T22:31:43.330+0200][gc,heap     ] GC(5) Humongous regions: 129->129
[2025-06-14T22:31:43.330+0200][gc,metaspace] GC(5) Metaspace: 46187K(46592K)->46187K(46592K) NonClass: 41122K(41344K)->41122K(41344K) Class: 5065K(5248K)->5065K(5248K)
[2025-06-14T22:31:43.330+0200][gc          ] GC(5) Pause Young (Prepare Mixed) (G1 Evacuation Pause) 188M->145M(1024M) 20.097ms
[2025-06-14T22:31:43.330+0200][gc,cpu      ] GC(5) User=0.03s Sys=0.01s Real=0.02s
[2025-06-14T22:33:50.007+0200][gc,start    ] GC(6) Pause Young (Mixed) (G1 Evacuation Pause)
[2025-06-14T22:33:50.009+0200][gc,task     ] GC(6) Using 8 workers of 8 for evacuation
[2025-06-14T22:33:50.069+0200][gc,mmu      ] GC(6) MMU target violated: 21.0ms (20.0ms/21.0ms)
[2025-06-14T22:33:50.070+0200][gc,phases   ] GC(6)   Pre Evacuate Collection Set: 1.25ms
[2025-06-14T22:33:50.070+0200][gc,phases   ] GC(6)   Merge Heap Roots: 0.62ms
[2025-06-14T22:33:50.070+0200][gc,phases   ] GC(6)   Evacuate Collection Set: 42.57ms
[2025-06-14T22:33:50.070+0200][gc,phases   ] GC(6)   Post Evacuate Collection Set: 14.61ms
[2025-06-14T22:33:50.071+0200][gc,phases   ] GC(6)   Other: 2.05ms
[2025-06-14T22:33:50.071+0200][gc,heap     ] GC(6) Eden regions: 44->0(48)
[2025-06-14T22:33:50.071+0200][gc,heap     ] GC(6) Survivor regions: 7->3(7)
[2025-06-14T22:33:50.071+0200][gc,heap     ] GC(6) Old regions: 10->17
[2025-06-14T22:33:50.071+0200][gc,heap     ] GC(6) Humongous regions: 243->129
[2025-06-14T22:33:50.071+0200][gc,metaspace] GC(6) Metaspace: 49986K(50560K)->49986K(50560K) NonClass: 44320K(44608K)->44320K(44608K) Class: 5666K(5952K)->5666K(5952K)
[2025-06-14T22:33:50.072+0200][gc          ] GC(6) Pause Young (Mixed) (G1 Evacuation Pause) 303M->148M(1024M) 65.289ms
[2025-06-14T22:33:50.072+0200][gc,cpu      ] GC(6) User=0.04s Sys=0.07s Real=0.07s
[2025-06-14T22:34:34.384+0200][gc,start    ] GC(7) Pause Young (Normal) (G1 Evacuation Pause)
[2025-06-14T22:34:34.385+0200][gc,task     ] GC(7) Using 8 workers of 8 for evacuation
[2025-06-14T22:34:34.403+0200][gc,phases   ] GC(7)   Pre Evacuate Collection Set: 2.17ms
[2025-06-14T22:34:34.403+0200][gc,phases   ] GC(7)   Merge Heap Roots: 0.26ms
[2025-06-14T22:34:34.403+0200][gc,phases   ] GC(7)   Evacuate Collection Set: 15.36ms
[2025-06-14T22:34:34.403+0200][gc,phases   ] GC(7)   Post Evacuate Collection Set: 0.47ms
[2025-06-14T22:34:34.403+0200][gc,phases   ] GC(7)   Other: 0.28ms
[2025-06-14T22:34:34.403+0200][gc,heap     ] GC(7) Eden regions: 48->0(48)
[2025-06-14T22:34:34.404+0200][gc,heap     ] GC(7) Survivor regions: 3->3(7)
[2025-06-14T22:34:34.404+0200][gc,heap     ] GC(7) Old regions: 17->17
[2025-06-14T22:34:34.404+0200][gc,heap     ] GC(7) Humongous regions: 129->129
[2025-06-14T22:34:34.404+0200][gc,metaspace] GC(7) Metaspace: 52180K(52864K)->52180K(52864K) NonClass: 46177K(46592K)->46177K(46592K) Class: 6002K(6272K)->6002K(6272K)
[2025-06-14T22:34:34.404+0200][gc          ] GC(7) Pause Young (Normal) (G1 Evacuation Pause) 196M->148M(1024M) 19.827ms
[2025-06-14T22:34:34.404+0200][gc,cpu      ] GC(7) User=0.02s Sys=0.04s Real=0.02s
[2025-06-14T22:44:58.398+0200][gc,start    ] GC(8) Pause Young (Normal) (G1 Evacuation Pause)
[2025-06-14T22:44:58.405+0200][gc,task     ] GC(8) Using 8 workers of 8 for evacuation
[2025-06-14T22:44:58.434+0200][gc,mmu      ] GC(8) MMU target violated: 21.0ms (20.0ms/21.0ms)
[2025-06-14T22:44:58.434+0200][gc,phases   ] GC(8)   Pre Evacuate Collection Set: 1.92ms
[2025-06-14T22:44:58.434+0200][gc,phases   ] GC(8)   Merge Heap Roots: 0.70ms
[2025-06-14T22:44:58.434+0200][gc,phases   ] GC(8)   Evacuate Collection Set: 24.17ms
[2025-06-14T22:44:58.434+0200][gc,phases   ] GC(8)   Post Evacuate Collection Set: 1.05ms
[2025-06-14T22:44:58.435+0200][gc,phases   ] GC(8)   Other: 1.58ms
[2025-06-14T22:44:58.435+0200][gc,heap     ] GC(8) Eden regions: 48->0(46)
[2025-06-14T22:44:58.435+0200][gc,heap     ] GC(8) Survivor regions: 3->5(7)
[2025-06-14T22:44:58.435+0200][gc,heap     ] GC(8) Old regions: 17->17
[2025-06-14T22:44:58.435+0200][gc,heap     ] GC(8) Humongous regions: 129->129
[2025-06-14T22:44:58.435+0200][gc,metaspace] GC(8) Metaspace: 52743K(53440K)->52743K(53440K) NonClass: 46687K(47104K)->46687K(47104K) Class: 6056K(6336K)->6056K(6336K)
[2025-06-14T22:44:58.435+0200][gc          ] GC(8) Pause Young (Normal) (G1 Evacuation Pause) 196M->149M(1024M) 37.505ms
[2025-06-14T22:44:58.435+0200][gc,cpu      ] GC(8) User=0.03s Sys=0.08s Real=0.04s
[2025-06-15T03:06:48.641+0200][gc,heap,exit] Heap
[2025-06-15T03:06:48.641+0200][gc,heap,exit]  garbage-first heap   total reserved 1048576K, committed 1048576K, used 182094K [0x00000007c0000000, 0x0000000800000000)
[2025-06-15T03:06:48.641+0200][gc,heap,exit]   region size 1024K, 33 young (33792K), 5 survivors (5120K)
[2025-06-15T03:06:48.641+0200][gc,heap,exit]  Metaspace       used 53751K, committed 54464K, reserved 1114112K
[2025-06-15T03:06:48.641+0200][gc,heap,exit]   class space    used 6241K, committed 6528K, reserved 1048576K
